<?xml version="1.0" encoding="UTF-8"?>
<!-- Generated by org.testng.reporters.JUnitReportReporter -->
<testsuite skipped="0" hostname="DESKTOP-Q71IO9G" name="test.day1" tests="2" failures="0" timestamp="17 Oct 2018 12:30:52 GMT" time="0.032" errors="0">
  <testcase name="secondTest" time="0.016" classname="test.day1"/>
  <testcase name="Demo" time="0.016" classname="test.day1"/>
</testsuite> <!-- test.day1 -->
